<?xml version="1.0" encoding="UTF-8"?>
<!-- Generated by org.testng.reporters.JUnitReportReporter -->
<testsuite name="TestNG.DataDriven1" tests="3" time="0.023" ignored="0" failures="0" timestamp="01 Feb 2018 06:17:21 GMT" skipped="0" hostname="Satheesh-PC" errors="0">
  <testcase name="add" time="0.003" classname="TestNG.DataDriven1"/>
  <testcase name="add" time="0.009" classname="TestNG.DataDriven1"/>
  <testcase name="add" time="0.011" classname="TestNG.DataDriven1"/>
</testsuite> <!-- TestNG.DataDriven1 -->
