<?xml version="1.0" encoding="UTF-8"?>
<!-- Generated by org.testng.reporters.JUnitReportReporter -->
<testsuite hostname="Sathish-PC" name="day4.TestNG2" tests="4" failures="0" timestamp="18 Feb 2017 16:30:58 GMT" time="0.031" errors="0">
  <testcase name="t2" time="0.000" classname="day4.TestNG2"/>
  <testcase name="t3" time="0.000" classname="day4.TestNG2"/>
  <testcase name="t4" time="0.000" classname="day4.TestNG2"/>
  <testcase name="t1" time="0.031" classname="day4.TestNG2"/>
</testsuite> <!-- day4.TestNG2 -->
