<?xml version="1.0" encoding="UTF-8"?>
<!-- Generated by org.testng.reporters.JUnitReportReporter -->
<testsuite name="TestNG.VerifyTitle" tests="1" time="9.149" ignored="0" failures="0" timestamp="31 Jan 2018 10:05:14 GMT" skipped="0" hostname="Satheesh-PC" errors="0">
  <testcase name="VerifyTitle" time="9.149" classname="TestNG.VerifyTitle"/>
</testsuite> <!-- TestNG.VerifyTitle -->
