<?xml version="1.0" encoding="UTF-8"?>
<!-- Generated by org.testng.reporters.JUnitReportReporter -->
<testsuite name="TestNG.NewTest1" tests="2" time="0.012" ignored="0" failures="0" timestamp="31 Jan 2018 13:22:29 GMT" skipped="0" hostname="Satheesh-PC" errors="0">
  <testcase name="addAddress" time="0.009" classname="TestNG.NewTest1"/>
  <testcase name="addVendor" time="0.003" classname="TestNG.NewTest1"/>
</testsuite> <!-- TestNG.NewTest1 -->
