<?xml version="1.0" encoding="UTF-8"?>
<!-- Generated by org.testng.reporters.JUnitReportReporter -->
<testsuite name="TestNG.NewTest3" tests="3" time="0.011" ignored="2" failures="0" timestamp="31 Jan 2018 14:25:19 GMT" skipped="0" hostname="Satheesh-PC" errors="0">
  <testcase name="fundreceive" time="0.002" classname="TestNG.NewTest3"/>
  <testcase name="fundTransfer" time="0.006" classname="TestNG.NewTest3"/>
  <testcase name="withdrawl" time="0.003" classname="TestNG.NewTest3"/>
  <testcase name="Recharge" classname="TestNG.NewTest3">
    <skipped/>
  </testcase> <!-- Recharge -->
  <testcase name="balance" classname="TestNG.NewTest3">
    <skipped/>
  </testcase> <!-- balance -->
</testsuite> <!-- TestNG.NewTest3 -->
