<?xml version="1.0" encoding="UTF-8"?>
<!-- Generated by org.testng.reporters.JUnitReportReporter -->
<testsuite name="TestNG.DataDriven" tests="3" time="32.229" ignored="0" failures="0" timestamp="31 Jan 2018 19:33:48 GMT" skipped="0" hostname="Satheesh-PC" errors="0">
  <testcase name="login" time="9.487" classname="TestNG.DataDriven"/>
  <testcase name="login" time="12.030" classname="TestNG.DataDriven"/>
  <testcase name="login" time="10.712" classname="TestNG.DataDriven"/>
</testsuite> <!-- TestNG.DataDriven -->
