<?xml version="1.0" encoding="UTF-8"?>
<!-- Generated by org.testng.reporters.JUnitReportReporter -->
<testsuite name="TestNG.NewTest2" tests="2" time="0.007" ignored="0" failures="0" timestamp="31 Jan 2018 13:22:29 GMT" skipped="0" hostname="Satheesh-PC" errors="0">
  <testcase name="deleteVendor" time="0.004" classname="TestNG.NewTest2"/>
  <testcase name="deleteAddress" time="0.003" classname="TestNG.NewTest2"/>
</testsuite> <!-- TestNG.NewTest2 -->
