<?xml version="1.0" encoding="UTF-8"?>
<!-- Generated by org.testng.reporters.JUnitReportReporter -->
<testsuite name="TestNG.GoogleLaunch" tests="6" time="15.984" ignored="0" failures="0" timestamp="31 Jan 2018 11:39:20 GMT" skipped="0" hostname="Satheesh-PC" errors="0">
  <testcase name="navigateBack" time="0.338" classname="TestNG.GoogleLaunch"/>
  <testcase name="navigateToYahoo" time="5.000" classname="TestNG.GoogleLaunch"/>
  <testcase name="titleCapture" time="0.014" classname="TestNG.GoogleLaunch"/>
  <testcase name="googleLaunch" time="4.969" classname="TestNG.GoogleLaunch"/>
  <testcase name="close" time="2.328" classname="TestNG.GoogleLaunch"/>
  <testcase name="driverDeclaration" time="3.335" classname="TestNG.GoogleLaunch"/>
</testsuite> <!-- TestNG.GoogleLaunch -->
