<?xml version="1.0" encoding="UTF-8"?>
<!-- Generated by org.testng.reporters.JUnitReportReporter -->
<testsuite hostname="planet6" name="day4.TestNG3" tests="3" failures="0" timestamp="28 Oct 2015 21:05:06 GMT" time="0.014" errors="0">
  <testcase name="t4" time="0.000" classname="day4.TestNG3"/>
  <testcase name="t2" time="0.013" classname="day4.TestNG3"/>
  <testcase name="t3" time="0.001" classname="day4.TestNG3"/>
</testsuite> <!-- day4.TestNG3 -->
