<?xml version="1.0" encoding="UTF-8"?>
<!-- Generated by org.testng.reporters.JUnitReportReporter -->
<testsuite hostname="planet6" name="day4.TestNG5" tests="1" failures="0" timestamp="28 Oct 2015 21:20:56 GMT" time="0.018" errors="0">
  <testcase name="t4" time="0.018" classname="day4.TestNG5"/>
</testsuite> <!-- day4.TestNG5 -->
