<?xml version="1.0" encoding="UTF-8"?>
<!-- Generated by org.testng.reporters.JUnitReportReporter -->
<testsuite name="TestNG.GoogleLaunchTNG" tests="6" time="12.221" ignored="0" failures="0" timestamp="31 Jan 2018 13:11:23 GMT" skipped="0" hostname="Satheesh-PC" errors="0">
  <testcase name="close" time="0.118" classname="TestNG.GoogleLaunchTNG"/>
  <testcase name="navigateBack" time="0.323" classname="TestNG.GoogleLaunchTNG"/>
  <testcase name="googleLaunch" time="4.836" classname="TestNG.GoogleLaunchTNG"/>
  <testcase name="driverDeclaration" time="3.432" classname="TestNG.GoogleLaunchTNG"/>
  <testcase name="titleCapture" time="0.016" classname="TestNG.GoogleLaunchTNG"/>
  <testcase name="navigateToYahoo" time="3.496" classname="TestNG.GoogleLaunchTNG"/>
</testsuite> <!-- TestNG.GoogleLaunchTNG -->
